10:07:27.134 INFO - Selenium build info: version: '3.8.1', revision: '6e95a6684b'
10:07:27.136 INFO - Launching a standalone Selenium Server
2018-01-19 10:07:27.333:INFO::main: Logging initialized @781ms to org.seleniumhq.jetty9.util.log.StdErrLog
10:07:27.391 INFO - Using `new FirefoxOptions()` is preferred to `DesiredCapabilities.firefox()`
10:07:27.417 INFO - Using `new ChromeOptions()` is preferred to `DesiredCapabilities.chrome()`
10:07:27.422 INFO - Using `new EdgeOptions()` is preferred to `DesiredCapabilities.edge()`
10:07:27.423 INFO - Driver class not found: com.opera.core.systems.OperaDriver
10:07:27.424 INFO - Using `new OperaOptions()` is preferred to `DesiredCapabilities.operaBlink()`
10:07:27.425 INFO - Using `new SafariOptions()` is preferred to `DesiredCapabilities.safari()`
10:07:27.426 INFO - Driver class not found: org.openqa.selenium.phantomjs.PhantomJSDriver
10:07:27.483 INFO - Driver provider class org.openqa.selenium.ie.InternetExplorerDriver registration is skipped:
 registration capabilities Capabilities {browserName: internet explorer, ensureCleanSession: true, platform: WINDOWS, version: } does not match the current platform MAC
10:07:27.483 INFO - Driver provider class org.openqa.selenium.edge.EdgeDriver registration is skipped:
 registration capabilities Capabilities {browserName: MicrosoftEdge, platform: WINDOWS, version: } does not match the current platform MAC
10:07:27.540 INFO - Using `new ChromeOptions()` is preferred to `DesiredCapabilities.chrome()`
10:07:27.540 INFO - Using `new EdgeOptions()` is preferred to `DesiredCapabilities.edge()`
10:07:27.541 INFO - Using `new FirefoxOptions()` is preferred to `DesiredCapabilities.firefox()`
10:07:27.541 INFO - Using `new OperaOptions()` is preferred to `DesiredCapabilities.operaBlink()`
10:07:27.541 INFO - Using `new SafariOptions()` is preferred to `DesiredCapabilities.safari()`
10:07:27.551 INFO - Using the passthrough mode handler
2018-01-19 10:07:27.592:INFO:osjs.Server:main: jetty-9.4.7.v20170914
2018-01-19 10:07:27.623:WARN:osjs.SecurityHandler:main: ServletContext@o.s.j.s.ServletContextHandler@569cfc36{/,null,STARTING} has uncovered http methods for path: /
2018-01-19 10:07:27.627:INFO:osjsh.ContextHandler:main: Started o.s.j.s.ServletContextHandler@569cfc36{/,null,AVAILABLE}
2018-01-19 10:07:27.664:INFO:osjs.AbstractConnector:main: Started ServerConnector@710726a3{HTTP/1.1,[http/1.1]}{0.0.0.0:4444}
2018-01-19 10:07:27.664:INFO:osjs.Server:main: Started @1112ms
10:07:27.664 INFO - Selenium Server is up and running
2018-01-19 10:07:28.067:INFO:osjshC.ROOT:qtp2101842856-13: org.openqa.selenium.remote.server.WebDriverServlet-1d29cf23: Initialising WebDriverServlet
10:07:28.137 INFO - Found handler: org.openqa.selenium.remote.server.commandhandler.BeginSession@d2455d6
10:07:28.142 INFO - /session: Executing POST on /session (handler: BeginSession)
10:07:28.242 INFO - Capabilities are: Capabilities {acceptSslCerts: true, browserName: chrome, javascriptEnabled: true, name: Index Controller Spec}
10:07:28.243 INFO - Capabilities {acceptSslCerts: true, browserName: chrome, javascriptEnabled: true, name: Index Controller Spec} matched class org.openqa.selenium.remote.server.ServicedSession$Factory (provider: org.openqa.selenium.chrome.ChromeDriverService)
Starting ChromeDriver 2.34.522932 (4140ab217e1ca1bec0c4b4d1b148f3361eb3a03e) on port 25204
Only local connections are allowed.
10:07:29.323 INFO - Detected dialect: OSS
10:07:29.652 INFO - Found handler: org.openqa.selenium.remote.server.ServicedSession@6ac8a997
10:07:29.653 INFO - Handler thread for session 4639b4b20a749daef4c634a374dec046 (chrome): Executing POST on /session/4639b4b20a749daef4c634a374dec046/url (handler: ServicedSession)
10:07:29.655 INFO - To upstream: {"url":"http://localhost:3000/login"}
10:07:30.238 INFO - To downstream: {"sessionId":"4639b4b20a749daef4c634a374dec046","status":0,"value":null}
10:07:30.242 INFO - Found handler: org.openqa.selenium.remote.server.ServicedSession@6ac8a997
10:07:30.242 INFO - Handler thread for session 4639b4b20a749daef4c634a374dec046 (chrome): Executing POST on /session/4639b4b20a749daef4c634a374dec046/element (handler: ServicedSession)
10:07:30.243 INFO - To upstream: {"using":"css selector","value":"input[name=\"email\"]"}
10:07:30.273 INFO - To downstream: {"sessionId":"4639b4b20a749daef4c634a374dec046","status":0,"value":{"ELEMENT":"0.2438988776799207-1"}}
10:07:30.275 INFO - Found handler: org.openqa.selenium.remote.server.ServicedSession@6ac8a997
10:07:30.276 INFO - Handler thread for session 4639b4b20a749daef4c634a374dec046 (chrome): Executing POST on /session/4639b4b20a749daef4c634a374dec046/element/0.2438988776799207-1/value (handler: ServicedSession)
10:07:30.277 INFO - To upstream: {"value":["t","e","s","t","@","e","x","a","m","p","l","e",".","c","o","m"]}
10:07:30.384 INFO - To downstream: {"sessionId":"4639b4b20a749daef4c634a374dec046","status":0,"value":null}
10:07:30.387 INFO - Found handler: org.openqa.selenium.remote.server.ServicedSession@6ac8a997
10:07:30.387 INFO - Handler thread for session 4639b4b20a749daef4c634a374dec046 (chrome): Executing POST on /session/4639b4b20a749daef4c634a374dec046/element (handler: ServicedSession)
10:07:30.388 INFO - To upstream: {"using":"css selector","value":"input[name=\"password\"]"}
10:07:30.398 INFO - To downstream: {"sessionId":"4639b4b20a749daef4c634a374dec046","status":0,"value":{"ELEMENT":"0.2438988776799207-2"}}
10:07:30.401 INFO - Found handler: org.openqa.selenium.remote.server.ServicedSession@6ac8a997
10:07:30.401 INFO - Handler thread for session 4639b4b20a749daef4c634a374dec046 (chrome): Executing POST on /session/4639b4b20a749daef4c634a374dec046/element/0.2438988776799207-2/value (handler: ServicedSession)
10:07:30.402 INFO - To upstream: {"value":["p","@","s","s","w","o","r","d"]}
10:07:30.443 INFO - To downstream: {"sessionId":"4639b4b20a749daef4c634a374dec046","status":0,"value":null}
10:07:30.445 INFO - Found handler: org.openqa.selenium.remote.server.ServicedSession@6ac8a997
10:07:30.445 INFO - Handler thread for session 4639b4b20a749daef4c634a374dec046 (chrome): Executing POST on /session/4639b4b20a749daef4c634a374dec046/element (handler: ServicedSession)
10:07:30.446 INFO - To upstream: {"using":"css selector","value":"input[type=\"submit\"]"}
10:07:30.456 INFO - To downstream: {"sessionId":"4639b4b20a749daef4c634a374dec046","status":0,"value":{"ELEMENT":"0.2438988776799207-3"}}
10:07:30.458 INFO - Found handler: org.openqa.selenium.remote.server.ServicedSession@6ac8a997
10:07:30.459 INFO - Handler thread for session 4639b4b20a749daef4c634a374dec046 (chrome): Executing POST on /session/4639b4b20a749daef4c634a374dec046/element/0.2438988776799207-3/click (handler: ServicedSession)
10:07:30.460 INFO - To upstream: 
10:07:30.471 INFO - To downstream: {"sessionId":"4639b4b20a749daef4c634a374dec046","status":11,"value":{"message":"element not visible\n  (Session info: chrome=63.0.3239.132)\n  (Driver info: chromedriver=2.34.522932 (4140ab217e1ca1bec0c4b4d1b148f3361eb3a03e),platform=Mac OS X 10.13.2 x86_64)"}}
10:07:30.477 INFO - Found handler: org.openqa.selenium.remote.server.ServicedSession@6ac8a997
10:07:30.477 INFO - Handler thread for session 4639b4b20a749daef4c634a374dec046 (chrome): Executing GET on /session/4639b4b20a749daef4c634a374dec046/url (handler: ServicedSession)
10:07:30.481 INFO - To downstream: {"sessionId":"4639b4b20a749daef4c634a374dec046","status":0,"value":"http://localhost:3000/login"}
10:07:30.486 INFO - Found handler: org.openqa.selenium.remote.server.ServicedSession@6ac8a997
10:07:30.486 INFO - Handler thread for session 4639b4b20a749daef4c634a374dec046 (chrome): Executing DELETE on /session/4639b4b20a749daef4c634a374dec046 (handler: ServicedSession)
10:07:30.538 INFO - To downstream: {"sessionId":"4639b4b20a749daef4c634a374dec046","status":0,"value":null}
10:07:30.540 INFO - Removing session org.openqa.selenium.remote.server.ServicedSession@6ac8a997
10:07:30.553 INFO - To downstream: {"sessionId":"","status":0,"value":null}
